<?xml version="1.0" encoding="UTF-8"?>
<!-- Generated by org.testng.reporters.JUnitXMLReporter -->
<testsuite hostname="LAP00619" ignored="0" name="Test" tests="3" failures="0" timestamp="01 Aug 2023 09:49:41 GMT" time="41.317" errors="0">
  <testcase name="runSanityTest" time="6.233" classname="testcases.SanityTest"/>
  <testcase name="runSanityTest" time="5.96" classname="testcases.SanityTest"/>
  <testcase name="runSanityTest" time="6.269" classname="testcases.SanityTest"/>
</testsuite> <!-- Test -->
